<?xml version="1.0" encoding="UTF-8"?>
<!-- Generated by org.testng.reporters.JUnitReportReporter -->
<testsuite skipped="0" hostname="user-PC" name="billpayment.Block2_BaznasZakat" tests="6" failures="0" timestamp="19 Agu 2018 10:58:01 GMT" time="105.835" errors="0">
  <testcase name="Test02_Inquiry_Page" time="2.042" classname="billpayment.Block2_BaznasZakat"/>
  <testcase name="Test05_Block2_Baznas_Zakat_EasyPin_Page" time="8.471" classname="billpayment.Block2_BaznasZakat"/>
  <testcase name="Test01_After_Login_Page" time="63.268" classname="billpayment.Block2_BaznasZakat"/>
  <testcase name="Test06_Block2_Baznas_Zakat_Result_Page" time="10.429" classname="billpayment.Block2_BaznasZakat"/>
  <testcase name="Test03_Select_Account_Page" time="7.222" classname="billpayment.Block2_BaznasZakat"/>
  <testcase name="Test04_Summary_Page" time="14.403" classname="billpayment.Block2_BaznasZakat"/>
</testsuite> <!-- billpayment.Block2_BaznasZakat -->
