<?xml version="1.0" encoding="UTF-8"?>
<!-- Generated by org.testng.reporters.JUnitReportReporter -->
<testsuite skipped="0" hostname="user-PC" name="userprofile.ChangeEasyPin" tests="4" failures="0" timestamp="17 Apr 2018 11:57:43 GMT" time="62.751" errors="0">
  <testcase name="Test01_After_Login_Page" time="46.245" classname="userprofile.ChangeEasyPin"/>
  <testcase name="Test02_Update_EasyPin_Page" time="3.948" classname="userprofile.ChangeEasyPin"/>
  <testcase name="Test00_Login_Page" time="8.839" classname="userprofile.ChangeEasyPin"/>
  <testcase name="Test03_Enter_Password_Page" time="3.719" classname="userprofile.ChangeEasyPin"/>
</testsuite> <!-- userprofile.ChangeEasyPin -->
