<?xml version="1.0" encoding="UTF-8"?>
<!-- Generated by org.testng.reporters.JUnitReportReporter -->
<testsuite skipped="0" hostname="user-PC" name="billpayment.Block1_WaterAetra" tests="7" failures="0" timestamp="13 Agu 2018 06:23:12 GMT" time="91.347" errors="0">
  <testcase name="Test02_Inquiry_Page" time="7.493" classname="billpayment.Block1_WaterAetra"/>
  <testcase name="Test04_Summary_Page" time="2.580" classname="billpayment.Block1_WaterAetra"/>
  <testcase name="Test01_After_Login_Page" time="42.007" classname="billpayment.Block1_WaterAetra"/>
  <testcase name="Test00_Login_Page" time="19.389" classname="billpayment.Block1_WaterAetra"/>
  <testcase name="Test03_Select_Account_Page" time="6.976" classname="billpayment.Block1_WaterAetra"/>
  <testcase name="Test05_Block1_Baznas_EasyPin_Page" time="3.773" classname="billpayment.Block1_WaterAetra"/>
  <testcase name="Test06_Block1_Baznas_Result_Page" time="9.129" classname="billpayment.Block1_WaterAetra"/>
</testsuite> <!-- billpayment.Block1_WaterAetra -->
