<?xml version="1.0" encoding="UTF-8"?>
<!-- Generated by org.testng.reporters.JUnitReportReporter -->
<testsuite skipped="0" hostname="user-PC" name="billpayment.Block3_AsuransiSinarmas" tests="6" failures="0" timestamp="19 Agu 2018 09:04:55 GMT" time="102.560" errors="0">
  <testcase name="Test04_Summary_Page" time="7.799" classname="billpayment.Block3_AsuransiSinarmas"/>
  <testcase name="Test02_Inquiry_Page" time="2.100" classname="billpayment.Block3_AsuransiSinarmas"/>
  <testcase name="Test05_Block3_Asuransi_Sinarmas_EasyPin_Page" time="7.274" classname="billpayment.Block3_AsuransiSinarmas"/>
  <testcase name="Test01_After_Login_Page" time="61.276" classname="billpayment.Block3_AsuransiSinarmas"/>
  <testcase name="Test03_Select_Account_Page" time="13.449" classname="billpayment.Block3_AsuransiSinarmas"/>
  <testcase name="Test06_Block3_Asuransi_Sinarmas_Result_Page" time="10.662" classname="billpayment.Block3_AsuransiSinarmas"/>
</testsuite> <!-- billpayment.Block3_AsuransiSinarmas -->
