<?xml version="1.0" encoding="UTF-8"?>
<!-- Generated by org.testng.reporters.JUnitReportReporter -->
<testsuite skipped="0" hostname="user-PC" name="fundtransfer.Schedule_TransferInbank" tests="7" failures="0" timestamp="16 Agu 2018 03:15:50 GMT" time="141.882" errors="0">
  <testcase name="Test06_Schedule_Transfer_Inbank_Result_Page" time="11.759" classname="fundtransfer.Schedule_TransferInbank"/>
  <testcase name="Test03_Schedule_Page" time="12.446" classname="fundtransfer.Schedule_TransferInbank"/>
  <testcase name="Test04_Summary_Page" time="12.550" classname="fundtransfer.Schedule_TransferInbank"/>
  <testcase name="Test01_After_Login_Page" time="65.419" classname="fundtransfer.Schedule_TransferInbank"/>
  <testcase name="Test00_Login_Page" time="19.557" classname="fundtransfer.Schedule_TransferInbank"/>
  <testcase name="Test02_Select_Account_Page" time="12.551" classname="fundtransfer.Schedule_TransferInbank"/>
  <testcase name="Test05_Schedule_Transfer_Inbank_EasyPin_Page" time="7.600" classname="fundtransfer.Schedule_TransferInbank"/>
</testsuite> <!-- fundtransfer.Schedule_TransferInbank -->
