<?xml version="1.0" encoding="UTF-8"?>
<!-- Generated by org.testng.reporters.JUnitReportReporter -->
<testsuite skipped="0" hostname="user-PC" name="fundtransfer.TransferSKN" tests="7" failures="0" timestamp="15 Agu 2018 13:37:01 GMT" time="82.218" errors="0">
  <testcase name="Test06_Transfer_SKN_Result_Page" time="9.568" classname="fundtransfer.TransferSKN"/>
  <testcase name="Test03_Transfer_Method_Page" time="3.084" classname="fundtransfer.TransferSKN"/>
  <testcase name="Test00_Login_Page" time="9.591" classname="fundtransfer.TransferSKN"/>
  <testcase name="Test04_Summary_Page" time="4.366" classname="fundtransfer.TransferSKN"/>
  <testcase name="Test01_After_Login_Page" time="43.556" classname="fundtransfer.TransferSKN"/>
  <testcase name="Test02_Select_Account_Page" time="8.763" classname="fundtransfer.TransferSKN"/>
  <testcase name="Test05_Transfer_SKN_EasyPin_Page" time="3.290" classname="fundtransfer.TransferSKN"/>
</testsuite> <!-- fundtransfer.TransferSKN -->
