<?xml version="1.0" encoding="UTF-8"?>
<!-- Generated by org.testng.reporters.JUnitReportReporter -->
<testsuite skipped="0" hostname="user-PC" name="userprofile.CardlessWithdrawal" tests="7" failures="0" timestamp="18 Agu 2018 08:38:57 GMT" time="77.534" errors="0">
  <testcase name="Test04_Summary_Page" time="3.207" classname="userprofile.CardlessWithdrawal"/>
  <testcase name="Test02_Select_Payee_Page" time="2.805" classname="userprofile.CardlessWithdrawal"/>
  <testcase name="Test05_Transfer_Inbank_EasyPin_Page" time="2.926" classname="userprofile.CardlessWithdrawal"/>
  <testcase name="Test00_Login_Page" time="9.113" classname="userprofile.CardlessWithdrawal"/>
  <testcase name="Test01_After_Login_Page" time="41.694" classname="userprofile.CardlessWithdrawal"/>
  <testcase name="Test03_Select_Account_Page" time="7.470" classname="userprofile.CardlessWithdrawal"/>
  <testcase name="Test06_Transfer_Inbank_Result_Page" time="10.319" classname="userprofile.CardlessWithdrawal"/>
</testsuite> <!-- userprofile.CardlessWithdrawal -->
