<?xml version="1.0" encoding="UTF-8"?>
<!-- Generated by org.testng.reporters.JUnitReportReporter -->
<testsuite skipped="0" hostname="user-PC" name="fundtransfer.Schedule_TransferSKN" tests="8" failures="0" timestamp="15 Agu 2018 15:00:55 GMT" time="98.306" errors="0">
  <testcase name="Test01_After_Login_Page" time="45.411" classname="fundtransfer.Schedule_TransferSKN"/>
  <testcase name="Test05_Summary_Page" time="8.290" classname="fundtransfer.Schedule_TransferSKN"/>
  <testcase name="Test07_Schedule_Transfer_SKN_Result_Page" time="7.786" classname="fundtransfer.Schedule_TransferSKN"/>
  <testcase name="Test03_Schedule_Page" time="8.734" classname="fundtransfer.Schedule_TransferSKN"/>
  <testcase name="Test00_Login_Page" time="9.865" classname="fundtransfer.Schedule_TransferSKN"/>
  <testcase name="Test02_Select_Account_Page" time="9.260" classname="fundtransfer.Schedule_TransferSKN"/>
  <testcase name="Test04_Transfer_Method_Page" time="4.886" classname="fundtransfer.Schedule_TransferSKN"/>
  <testcase name="Test06_Schedule_Transfer_SKN_EasyPin_Page" time="4.074" classname="fundtransfer.Schedule_TransferSKN"/>
</testsuite> <!-- fundtransfer.Schedule_TransferSKN -->
