<?xml version="1.0" encoding="UTF-8"?>
<!-- Generated by org.testng.reporters.JUnitReportReporter -->
<testsuite skipped="0" hostname="user-PC" name="userprofile.ChangeEasyPin" tests="4" failures="0" timestamp="16 Agu 2018 15:19:25 GMT" time="68.550" errors="0">
  <testcase name="Test01_After_Login_Page" time="45.500" classname="userprofile.ChangeEasyPin"/>
  <testcase name="Test00_Login_Page" time="12.098" classname="userprofile.ChangeEasyPin"/>
  <testcase name="Test02_Change_EasyPin_Page" time="3.136" classname="userprofile.ChangeEasyPin"/>
  <testcase name="Test03_Validate_Password_Page" time="7.816" classname="userprofile.ChangeEasyPin"/>
</testsuite> <!-- userprofile.ChangeEasyPin -->
