<?xml version="1.0" encoding="UTF-8"?>
<!-- Generated by org.testng.reporters.JUnitReportReporter -->
<testsuite skipped="0" hostname="user-PC" name="billpayment.Block1_WaterAetra" tests="6" failures="0" timestamp="19 Agu 2018 12:49:27 GMT" time="103.197" errors="0">
  <testcase name="Test04_Summary_Page" time="3.838" classname="billpayment.Block1_WaterAetra"/>
  <testcase name="Test01_After_Login_Page" time="56.882" classname="billpayment.Block1_WaterAetra"/>
  <testcase name="Test06_Block1_Water_Aetra_Result_Page" time="12.209" classname="billpayment.Block1_WaterAetra"/>
  <testcase name="Test02_Inquiry_Page" time="10.598" classname="billpayment.Block1_WaterAetra"/>
  <testcase name="Test03_Select_Account_Page" time="12.426" classname="billpayment.Block1_WaterAetra"/>
  <testcase name="Test05_Block1_Water_Aetra_EasyPin_Page" time="7.244" classname="billpayment.Block1_WaterAetra"/>
</testsuite> <!-- billpayment.Block1_WaterAetra -->
