<?xml version="1.0" encoding="UTF-8"?>
<!-- Generated by org.testng.reporters.JUnitReportReporter -->
<testsuite skipped="0" hostname="user-PC" name="onboarding.Login_FreshDevice" tests="5" failures="0" timestamp="18 Agu 2018 07:34:24 GMT" time="81.722" errors="0">
  <testcase name="Test01_Username_Password" time="3.778" classname="onboarding.Login_FreshDevice"/>
  <testcase name="Test03_Create_EasyPin" time="3.500" classname="onboarding.Login_FreshDevice"/>
  <testcase name="Test00_Landing_Page" time="15.528" classname="onboarding.Login_FreshDevice"/>
  <testcase name="Test04_Create_EasyPin" time="15.545" classname="onboarding.Login_FreshDevice"/>
  <testcase name="Test02_Input_OTP" time="43.371" classname="onboarding.Login_FreshDevice"/>
</testsuite> <!-- onboarding.Login_FreshDevice -->
