<?xml version="1.0" encoding="UTF-8"?>
<!-- Generated by org.testng.reporters.JUnitReportReporter -->
<testsuite skipped="0" hostname="user-PC" name="fundtransfer.Schedule_TransferInbank" tests="7" failures="0" timestamp="19 Agu 2018 14:48:45 GMT" time="108.194" errors="0">
  <testcase name="Test02_Select_Payee_Page" time="2.647" classname="fundtransfer.Schedule_TransferInbank"/>
  <testcase name="Test04_Schedule_Page" time="9.921" classname="fundtransfer.Schedule_TransferInbank"/>
  <testcase name="Test01_After_Login_Page" time="51.409" classname="fundtransfer.Schedule_TransferInbank"/>
  <testcase name="Test06_Schedule_Transfer_Inbank_EasyPin_Page" time="7.468" classname="fundtransfer.Schedule_TransferInbank"/>
  <testcase name="Test03_Select_Account_Page" time="13.854" classname="fundtransfer.Schedule_TransferInbank"/>
  <testcase name="Test05_Summary_Page" time="11.458" classname="fundtransfer.Schedule_TransferInbank"/>
  <testcase name="Test07_Schedule_Transfer_Inbank_Result_Page" time="11.437" classname="fundtransfer.Schedule_TransferInbank"/>
</testsuite> <!-- fundtransfer.Schedule_TransferInbank -->
