<?xml version="1.0" encoding="UTF-8"?>
<!-- Generated by org.testng.reporters.JUnitReportReporter -->
<testsuite skipped="0" hostname="user-PC" name="billpayment.Block1_Baznas" tests="7" failures="0" timestamp="08 Agu 2018 07:20:12 GMT" time="100.424" errors="0">
  <testcase name="Test02_Inquiry_Page" time="2.129" classname="billpayment.Block1_Baznas"/>
  <testcase name="Test05_Block1_Baznas_EasyPin_Page" time="3.276" classname="billpayment.Block1_Baznas"/>
  <testcase name="Test00_Login_Page" time="13.100" classname="billpayment.Block1_Baznas"/>
  <testcase name="Test01_After_Login_Page" time="61.344" classname="billpayment.Block1_Baznas"/>
  <testcase name="Test06_Block1_Baznas_Result_Page" time="7.659" classname="billpayment.Block1_Baznas"/>
  <testcase name="Test03_Select_Account_Page" time="7.576" classname="billpayment.Block1_Baznas"/>
  <testcase name="Test04_Summary_Page" time="5.340" classname="billpayment.Block1_Baznas"/>
</testsuite> <!-- billpayment.Block1_Baznas -->
