<?xml version="1.0" encoding="UTF-8"?>
<!-- Generated by org.testng.reporters.JUnitReportReporter -->
<testsuite skipped="0" hostname="user-PC" name="billpayment.Block3_AsuransiSinarmas" tests="7" failures="0" timestamp="13 Agu 2018 06:08:56 GMT" time="152.236" errors="0">
  <testcase name="Test04_Summary_Page" time="6.040" classname="billpayment.Block3_AsuransiSinarmas"/>
  <testcase name="Test02_Inquiry_Page" time="2.379" classname="billpayment.Block3_AsuransiSinarmas"/>
  <testcase name="Test06_Block1_Baznas_Result_Page" time="61.644" classname="billpayment.Block3_AsuransiSinarmas"/>
  <testcase name="Test05_Block1_Baznas_EasyPin_Page" time="3.488" classname="billpayment.Block3_AsuransiSinarmas"/>
  <testcase name="Test00_Login_Page" time="22.253" classname="billpayment.Block3_AsuransiSinarmas"/>
  <testcase name="Test01_After_Login_Page" time="45.794" classname="billpayment.Block3_AsuransiSinarmas"/>
  <testcase name="Test03_Select_Account_Page" time="10.638" classname="billpayment.Block3_AsuransiSinarmas"/>
</testsuite> <!-- billpayment.Block3_AsuransiSinarmas -->
