<?xml version="1.0" encoding="UTF-8"?>
<!-- Generated by org.testng.reporters.JUnitReportReporter -->
<testsuite skipped="0" hostname="user-PC" name="billpayment.Block2_AsuransiSinarmas" tests="7" failures="0" timestamp="08 Agu 2018 08:16:31 GMT" time="172.506" errors="0">
  <testcase name="Test04_Summary_Page" time="13.991" classname="billpayment.Block2_AsuransiSinarmas"/>
  <testcase name="Test02_Inquiry_Page" time="2.625" classname="billpayment.Block2_AsuransiSinarmas"/>
  <testcase name="Test05_Block1_Baznas_EasyPin_Page" time="28.118" classname="billpayment.Block2_AsuransiSinarmas"/>
  <testcase name="Test00_Login_Page" time="12.240" classname="billpayment.Block2_AsuransiSinarmas"/>
  <testcase name="Test01_After_Login_Page" time="85.262" classname="billpayment.Block2_AsuransiSinarmas"/>
  <testcase name="Test03_Select_Account_Page" time="13.571" classname="billpayment.Block2_AsuransiSinarmas"/>
  <testcase name="Test06_Block1_Baznas_Result_Page" time="16.699" classname="billpayment.Block2_AsuransiSinarmas"/>
</testsuite> <!-- billpayment.Block2_AsuransiSinarmas -->
