<?xml version="1.0" encoding="UTF-8"?>
<!-- Generated by org.testng.reporters.JUnitReportReporter -->
<testsuite skipped="0" hostname="user-PC" name="fundtransfer.TransferInbank" tests="6" failures="0" timestamp="19 Agu 2018 14:50:56 GMT" time="89.578" errors="0">
  <testcase name="Test06_Transfer_Inbank_Result_Page" time="11.611" classname="fundtransfer.TransferInbank"/>
  <testcase name="Test05_Transfer_Inbank_EasyPin_Page" time="5.224" classname="fundtransfer.TransferInbank"/>
  <testcase name="Test03_Select_Account_Page" time="12.903" classname="fundtransfer.TransferInbank"/>
  <testcase name="Test04_Summary_Page" time="6.153" classname="fundtransfer.TransferInbank"/>
  <testcase name="Test02_Select_Payee_Page" time="2.609" classname="fundtransfer.TransferInbank"/>
  <testcase name="Test01_After_Login_Page" time="51.078" classname="fundtransfer.TransferInbank"/>
</testsuite> <!-- fundtransfer.TransferInbank -->
