<?xml version="1.0" encoding="UTF-8"?>
<!-- Generated by org.testng.reporters.JUnitReportReporter -->
<testsuite skipped="0" hostname="user-PC" name="fundtransfer.TransferNetwork" tests="7" failures="0" timestamp="13 Agu 2018 08:07:13 GMT" time="93.573" errors="0">
  <testcase name="Test05_Transfer_Network_EasyPin_Page" time="3.066" classname="fundtransfer.TransferNetwork"/>
  <testcase name="Test04_Summary_Page" time="4.865" classname="fundtransfer.TransferNetwork"/>
  <testcase name="Test02_Select_Account_Page" time="8.349" classname="fundtransfer.TransferNetwork"/>
  <testcase name="Test03_Transfer_Method_Page" time="3.131" classname="fundtransfer.TransferNetwork"/>
  <testcase name="Test00_Login_Page" time="19.178" classname="fundtransfer.TransferNetwork"/>
  <testcase name="Test06_Transfer_Network_Result_Page" time="10.814" classname="fundtransfer.TransferNetwork"/>
  <testcase name="Test01_After_Login_Page" time="44.170" classname="fundtransfer.TransferNetwork"/>
</testsuite> <!-- fundtransfer.TransferNetwork -->
