<?xml version="1.0" encoding="UTF-8"?>
<!-- Generated by org.testng.reporters.JUnitReportReporter -->
<testsuite skipped="0" hostname="user-PC" name="billpayment.Block2_BaznasZakat" tests="7" failures="0" timestamp="13 Agu 2018 06:11:46 GMT" time="95.817" errors="0">
  <testcase name="Test04_Summary_Page" time="5.693" classname="billpayment.Block2_BaznasZakat"/>
  <testcase name="Test02_Inquiry_Page" time="2.305" classname="billpayment.Block2_BaznasZakat"/>
  <testcase name="Test05_Block1_Baznas_EasyPin_Page" time="3.429" classname="billpayment.Block2_BaznasZakat"/>
  <testcase name="Test00_Login_Page" time="20.166" classname="billpayment.Block2_BaznasZakat"/>
  <testcase name="Test01_After_Login_Page" time="50.099" classname="billpayment.Block2_BaznasZakat"/>
  <testcase name="Test03_Select_Account_Page" time="6.578" classname="billpayment.Block2_BaznasZakat"/>
  <testcase name="Test06_Block1_Baznas_Result_Page" time="7.547" classname="billpayment.Block2_BaznasZakat"/>
</testsuite> <!-- billpayment.Block2_BaznasZakat -->
