<?xml version="1.0" encoding="UTF-8"?>
<!-- Generated by org.testng.reporters.JUnitReportReporter -->
<testsuite skipped="0" hostname="user-PC" name="fundtransfer.TransferInbank" tests="12" failures="0" timestamp="18 Agu 2018 11:24:29 GMT" time="101.656" errors="0">
  <testcase name="Test04_Summary_Page" time="4.250" classname="fundtransfer.TransferInbank"/>
  <testcase name="Test05_Transfer_Inbank_EasyPin_Page" time="3.209" classname="fundtransfer.TransferInbank"/>
  <testcase name="Test04_Summary_Page" time="3.053" classname="fundtransfer.TransferInbank"/>
  <testcase name="Test03_Select_Account_Page" time="10.040" classname="fundtransfer.TransferInbank"/>
  <testcase name="Test02_Select_Payee_Page" time="2.809" classname="fundtransfer.TransferInbank"/>
  <testcase name="Test02_Select_Payee_Page" time="2.024" classname="fundtransfer.TransferInbank"/>
  <testcase name="Test01_After_Login_Page" time="42.009" classname="fundtransfer.TransferInbank"/>
  <testcase name="Test05_Transfer_Inbank_EasyPin_Page" time="3.621" classname="fundtransfer.TransferInbank"/>
  <testcase name="Test01_After_Login_Page" time="3.001" classname="fundtransfer.TransferInbank"/>
  <testcase name="Test03_Select_Account_Page" time="10.374" classname="fundtransfer.TransferInbank"/>
  <testcase name="Test06_Transfer_Inbank_Result_Page" time="9.235" classname="fundtransfer.TransferInbank"/>
  <testcase name="Test06_Transfer_Inbank_Result_Page" time="8.031" classname="fundtransfer.TransferInbank"/>
</testsuite> <!-- fundtransfer.TransferInbank -->
