<?xml version="1.0" encoding="UTF-8"?>
<!-- Generated by org.testng.reporters.JUnitReportReporter -->
<testsuite skipped="0" hostname="user-PC" name="onboarding.Login_FreshDevice" tests="5" failures="0" timestamp="19 Agu 2018 14:13:28 GMT" time="88.613" errors="0">
  <testcase name="Test03_Input_OTP_Page" time="40.985" classname="onboarding.Login_FreshDevice"/>
  <testcase name="Test02_Login_Username_Password_Page" time="3.225" classname="onboarding.Login_FreshDevice"/>
  <testcase name="Test04_Create_EasyPin_Page" time="3.698" classname="onboarding.Login_FreshDevice"/>
  <testcase name="Test05_Dashboard_Page" time="20.257" classname="onboarding.Login_FreshDevice"/>
  <testcase name="Test01_Landing_Page" time="20.448" classname="onboarding.Login_FreshDevice"/>
</testsuite> <!-- onboarding.Login_FreshDevice -->
