<?xml version="1.0" encoding="UTF-8"?>
<!-- Generated by org.testng.reporters.JUnitReportReporter -->
<testsuite skipped="0" hostname="user-PC" name="userprofile.ChangeEasyPin" tests="3" failures="0" timestamp="18 Agu 2018 16:19:47 GMT" time="69.780" errors="0">
  <testcase name="Test03_Validate_Password_Page" time="7.584" classname="userprofile.ChangeEasyPin"/>
  <testcase name="Test01_After_Login_Page" time="58.402" classname="userprofile.ChangeEasyPin"/>
  <testcase name="Test02_Change_EasyPin_Page" time="3.794" classname="userprofile.ChangeEasyPin"/>
</testsuite> <!-- userprofile.ChangeEasyPin -->
