<?xml version="1.0" encoding="UTF-8"?>
<!-- Generated by org.testng.reporters.JUnitReportReporter -->
<testsuite skipped="0" hostname="user-PC" name="userprofile.CardlessWithdrawal" tests="6" failures="0" timestamp="18 Agu 2018 16:39:55 GMT" time="109.854" errors="0">
  <testcase name="Test04_Summary_Page" time="11.621" classname="userprofile.CardlessWithdrawal"/>
  <testcase name="Test02_Select_Payee_Page" time="2.991" classname="userprofile.CardlessWithdrawal"/>
  <testcase name="Test05_Transfer_Inbank_EasyPin_Page" time="8.512" classname="userprofile.CardlessWithdrawal"/>
  <testcase name="Test01_After_Login_Page" time="60.881" classname="userprofile.CardlessWithdrawal"/>
  <testcase name="Test03_Select_Account_Page" time="14.439" classname="userprofile.CardlessWithdrawal"/>
  <testcase name="Test06_Transfer_Inbank_Result_Page" time="11.410" classname="userprofile.CardlessWithdrawal"/>
</testsuite> <!-- userprofile.CardlessWithdrawal -->
