<?xml version="1.0" encoding="UTF-8"?>
<!-- Generated by org.testng.reporters.JUnitReportReporter -->
<testsuite skipped="0" hostname="user-PC" name="timeDeposit.CreateTimeDeposit" tests="7" failures="0" timestamp="06 Agu 2018 10:13:59 GMT" time="125.839" errors="0">
  <testcase name="Test04_Auto_Rollover_Time_Deposit_Summary_Page" time="6.668" classname="timeDeposit.CreateTimeDeposit"/>
  <testcase name="Test06_Auto_Rollover_Time_Deposit_Result_Page" time="11.187" classname="timeDeposit.CreateTimeDeposit"/>
  <testcase name="Test00_Login_Page" time="9.169" classname="timeDeposit.CreateTimeDeposit"/>
  <testcase name="Test05_Auto_Rollover_Time_Deposit_EasyPin_Page" time="8.346" classname="timeDeposit.CreateTimeDeposit"/>
  <testcase name="Test01_After_Login_Page" time="54.484" classname="timeDeposit.CreateTimeDeposit"/>
  <testcase name="Test02_Time_Deposit_Page" time="31.094" classname="timeDeposit.CreateTimeDeposit"/>
  <testcase name="Test03_Auto_Rollover_Time_Deposit_TnC_Page" time="4.891" classname="timeDeposit.CreateTimeDeposit"/>
</testsuite> <!-- timeDeposit.CreateTimeDeposit -->
